<?xml version="1.0" encoding="UTF-8"?>
<!-- Generated by org.testng.reporters.JUnitReportReporter -->
<testsuite hostname="RakeshPC" failures="0" tests="3" name="Rakesh.Test.TestNGFeature" time="0.016" errors="0" timestamp="15 Apr 2019 03:21:05 GMT" skipped="0">
  <testcase classname="Rakesh.Test.TestNGFeature" name="SearchpageTest" time="0.000"/>
  <testcase classname="Rakesh.Test.TestNGFeature" name="LoginTest" time="0.016"/>
  <testcase classname="Rakesh.Test.TestNGFeature" name="HomeTest" time="0.000"/>
</testsuite> <!-- Rakesh.Test.TestNGFeature -->
