<?xml version="1.0" encoding="UTF-8"?>
<!-- Generated by org.testng.reporters.JUnitReportReporter -->
<testsuite hostname="RakeshPC" failures="0" tests="1" name="Rakesh.Test.ExceptionTimeOutTest" time="0.000" errors="0" timestamp="15 Apr 2019 03:21:06 GMT" skipped="0">
  <testcase classname="Rakesh.Test.ExceptionTimeOutTest" name="Test1" time="0.000"/>
</testsuite> <!-- Rakesh.Test.ExceptionTimeOutTest -->
