<?xml version="1.0" encoding="UTF-8"?>
<!-- Generated by org.testng.reporters.JUnitReportReporter -->
<testsuite hostname="RakeshPC" failures="0" tests="10" name="Rakesh.Test.InvocationCountTest" time="0.042" errors="0" timestamp="15 Apr 2019 03:21:06 GMT" skipped="0">
  <testcase classname="Rakesh.Test.InvocationCountTest" name="sum" time="0.000"/>
  <testcase classname="Rakesh.Test.InvocationCountTest" name="sum" time="0.015"/>
  <testcase classname="Rakesh.Test.InvocationCountTest" name="sum" time="0.000"/>
  <testcase classname="Rakesh.Test.InvocationCountTest" name="sum" time="0.000"/>
  <testcase classname="Rakesh.Test.InvocationCountTest" name="sum" time="0.000"/>
  <testcase classname="Rakesh.Test.InvocationCountTest" name="sum" time="0.008"/>
  <testcase classname="Rakesh.Test.InvocationCountTest" name="sum" time="0.015"/>
  <testcase classname="Rakesh.Test.InvocationCountTest" name="sum" time="0.004"/>
  <testcase classname="Rakesh.Test.InvocationCountTest" name="sum" time="0.000"/>
  <testcase classname="Rakesh.Test.InvocationCountTest" name="sum" time="0.000"/>
</testsuite> <!-- Rakesh.Test.InvocationCountTest -->
