<?xml version="1.0" encoding="UTF-8"?>
<!-- Generated by org.testng.reporters.JUnitReportReporter -->
<testsuite skipped="0" hostname="RakeshPC" name="Rakesh.Test.TestNGBasic" tests="3" failures="0" timestamp="18 Jun 2019 06:03:27 GMT" time="0.036" errors="0">
  <testcase name="anotherTest" time="0.028" classname="Rakesh.Test.TestNGBasic"/>
  <testcase name="googleTitleText" time="0.004" classname="Rakesh.Test.TestNGBasic"/>
  <testcase name="searchTest" time="0.004" classname="Rakesh.Test.TestNGBasic"/>
</testsuite> <!-- Rakesh.Test.TestNGBasic -->
