<?xml version="1.0" encoding="UTF-8"?>
<!-- Generated by org.testng.reporters.JUnitReportReporter -->
<testsuite hostname="RakeshPC" failures="0" tests="3" name="Rakesh.Test.PriorityGroupTestNG" time="0.063" errors="0" timestamp="14 Apr 2019 06:40:28 GMT" skipped="0">
  <testcase classname="Rakesh.Test.PriorityGroupTestNG" name="Test3" time="0.016"/>
  <testcase classname="Rakesh.Test.PriorityGroupTestNG" name="Test2" time="0.031"/>
  <testcase classname="Rakesh.Test.PriorityGroupTestNG" name="Test1" time="0.016"/>
</testsuite> <!-- Rakesh.Test.PriorityGroupTestNG -->
